<?xml version="1.0" encoding="UTF-8"?>
<!-- Generated by org.testng.reporters.JUnitXMLReporter -->
<testsuite ignored="8" hostname="LAPTOP-EEAS1CV9" failures="0" tests="7" name="Test" time="33.282" errors="0" timestamp="10 Jan 2025 10:40:56 GMT">
  <testcase classname="com.DemoWebShop.TestScripts.RegisterTest" name="toRegisterIntoDemoWebShop" time="4.003"/>
  <testcase classname="com.DemoWebShop.TestScripts.InvalidLoginTest" name="invalidLogin" time="1.35"/>
  <testcase classname="com.DemoWebShop.TestScripts.InvalidLoginTest" name="invalidLogin" time="1.076"/>
  <testcase classname="com.DemoWebShop.TestScripts.InvalidLoginTest" name="invalidLogin" time="1.131"/>
  <testcase classname="com.DemoWebShop.TestScripts.InvalidLoginTest" name="invalidLogin" time="1.068"/>
  <testcase classname="com.DemoWebShop.TestScripts.InvalidLoginTest" name="invalidLogin" time="1.099"/>
  <testcase classname="com.DemoWebShop.TestScripts.LoginTest" name="loginIntoDemoWeb" time="2.127"/>
  <testcase classname="com.DemoWebShop.genericLibrary.BaseTest" name="@BeforeTest toConnectDatabase" time="0.0">
    <ignored/>
  </testcase> <!-- @BeforeTest toConnectDatabase -->
  <testcase classname="com.DemoWebShop.genericLibrary.BaseTest" name="@BeforeTest toConnectDatabase" time="0.0">
    <ignored/>
  </testcase> <!-- @BeforeTest toConnectDatabase -->
  <testcase classname="com.DemoWebShop.genericLibrary.BaseTest" name="@AfterSuite toCloseServer" time="0.0">
    <ignored/>
  </testcase> <!-- @AfterSuite toCloseServer -->
  <testcase classname="com.DemoWebShop.genericLibrary.BaseTest" name="@AfterSuite toCloseServer" time="0.0">
    <ignored/>
  </testcase> <!-- @AfterSuite toCloseServer -->
  <testcase classname="com.DemoWebShop.genericLibrary.BaseTest" name="@BeforeSuite toConnectServer" time="0.0">
    <ignored/>
  </testcase> <!-- @BeforeSuite toConnectServer -->
  <testcase classname="com.DemoWebShop.genericLibrary.BaseTest" name="@BeforeSuite toConnectServer" time="0.0">
    <ignored/>
  </testcase> <!-- @BeforeSuite toConnectServer -->
  <testcase classname="com.DemoWebShop.genericLibrary.BaseTest" name="@AfterTest toCloseDatabase" time="0.0">
    <ignored/>
  </testcase> <!-- @AfterTest toCloseDatabase -->
  <testcase classname="com.DemoWebShop.genericLibrary.BaseTest" name="@AfterTest toCloseDatabase" time="0.0">
    <ignored/>
  </testcase> <!-- @AfterTest toCloseDatabase -->
</testsuite> <!-- Test -->
