<?xml version="1.0" encoding="UTF-8"?>
<!-- Generated by org.testng.reporters.JUnitXMLReporter -->
<testsuite ignored="0" hostname="LAPTOP-EEAS1CV9" failures="0" tests="8" name="Default test" time="20.793" errors="0" timestamp="10 Jan 2025 11:00:26 GMT">
  <testcase classname="com.DemoWebShop.TestScripts.InvalidLoginTest" name="invalidLogin" time="1.486"/>
  <testcase classname="com.DemoWebShop.TestScripts.InvalidLoginTest" name="invalidLogin" time="1.146"/>
  <testcase classname="com.DemoWebShop.TestScripts.InvalidLoginTest" name="invalidLogin" time="1.559"/>
  <testcase classname="com.DemoWebShop.TestScripts.InvalidLoginTest" name="invalidLogin" time="1.105"/>
  <testcase classname="com.DemoWebShop.TestScripts.InvalidLoginTest" name="invalidLogin" time="1.134"/>
  <testcase classname="com.DemoWebShop.TestScripts.InvalidLoginTest" name="invalidLogin" time="1.065"/>
  <testcase classname="com.DemoWebShop.TestScripts.InvalidLoginTest" name="invalidLogin" time="1.176"/>
  <testcase classname="com.DemoWebShop.TestScripts.InvalidLoginTest" name="invalidLogin" time="1.116"/>
</testsuite> <!-- Default test -->
